== September 2025 ==
Skapar: 2025-09-13  HV71 -  Örebro
{"id":3}
---
Skapar: 2025-09-16  - HV71  Växjö
{"id":4}
---
Skapar: 2025-09-18  HV71 -  Brynäs
{"id":5}
---
Skapar: 2025-09-20  - HV71  Malmö
{"id":6}
---
Skapar: 2025-09-25  HV71 -  Timrå
{"id":7}
---
Skapar: 2025-09-27  HV71 -  Frölunda
{"id":8}
---
Skapar: 2025-09-30  HV71 -  Leksand
{"id":9}
---
== Oktober 2025 ==
Skapar: 2025-10-02  HV71 -  Färjestad
{"id":10}
---
Skapar: 2025-10-04  - HV71  Linköping
{"id":11}
---
Skapar: 2025-10-09  - HV71  Luleå
{"id":12}
---
Skapar: 2025-10-11  - HV71  Skellefteå
{"id":13}
---
Skapar: 2025-10-16  HV71 -  Djurgården
{"id":14}
---
Skapar: 2025-10-18  HV71 -  Rögle
{"id":15}
---
Skapar: 2025-10-23  - HV71  Frölunda
{"id":16}
---
Skapar: 2025-10-25  HV71 -  Rögle
{"id":17}
---
Skapar: 2025-10-28  - HV71  Linköping
{"id":18}
---
Skapar: 2025-10-30  - HV71  Djurgården
{"id":19}
---
== November 2025 ==
Skapar: 2025-11-01  - HV71  Timrå
{"id":20}
---
Skapar: 2025-11-13  HV71 -  Växjö
{"id":21}
---
Skapar: 2025-11-15  HV71 -  Leksand
{"id":22}
---
Skapar: 2025-11-20  - HV71  Färjestad
{"id":23}
---
Skapar: 2025-11-22  HV71 -  Luleå
{"id":24}
---
Skapar: 2025-11-27  HV71 -  Örebro
{"id":25}
---
Skapar: 2025-11-29  - HV71  Brynäs
{"id":26}
---
== December 2025 ==
Skapar: 2025-12-04  HV71 -  Skellefteå
{"id":27}
---
Skapar: 2025-12-06  HV71 -  Malmö
{"id":28}
---
Skapar: 2025-12-18  - HV71  Frölunda
{"id":29}
---
Skapar: 2025-12-20  HV71 -  Djurgården
{"id":30}
---
Skapar: 2025-12-26  - HV71  Örebro
{"id":31}
---
Skapar: 2025-12-28  - HV71  Rögle
{"id":32}
---
Skapar: 2025-12-30  HV71 -  Malmö
{"id":33}
---
== Januari 2026 ==
Skapar: 2026-01-03  - HV71  Leksand
{"id":34}
---
Skapar: 2026-01-06  - HV71  Luleå
{"id":35}
---
Skapar: 2026-01-08  - HV71  Skellefteå
{"id":36}
---
Skapar: 2026-01-10  HV71 -  Timrå
{"id":37}
---
Skapar: 2026-01-15  HV71 -  Färjestad
{"id":38}
---
Skapar: 2026-01-17  - HV71  Växjö
{"id":39}
---
Skapar: 2026-01-22  HV71 -  Linköping
{"id":40}
---
Skapar: 2026-01-24  HV71 -  Brynäs
{"id":41}
---
Skapar: 2026-01-29  - HV71  Örebro
{"id":42}
---
Skapar: 2026-01-31  HV71 -  Luleå
{"id":43}
---
== Februari 2026 ==
Skapar: 2026-02-05  HV71 -  Skellefteå
{"id":44}
---
Skapar: 2026-02-07  - HV71  Malmö
{"id":45}
---
Skapar: 2026-02-19  - HV71  Rögle
{"id":46}
---
Skapar: 2026-02-21  HV71 -  Frölunda
{"id":47}
---
Skapar: 2026-02-26  - HV71  Djurgården
{"id":48}
---
Skapar: 2026-02-28  - HV71  Timrå
{"id":49}
---
== Mars 2026 ==
Skapar: 2026-03-05  HV71 -  Linköping
{"id":50}
---
Skapar: 2026-03-07  - HV71  Leksand
{"id":51}
---
Skapar: 2026-03-10  - HV71  Färjestad
{"id":52}
---
Skapar: 2026-03-12  HV71 -  Växjö
{"id":53}
---
Skapar: 2026-03-14  - HV71  Brynäs
{"id":54}
---
Klart! Ovan ser du svar med {"id":N} för varje match.
